c:\effectsofrandomnessonai\effectsofrandomnessonai\debug\vc141.pdb
c:\effectsofrandomnessonai\effectsofrandomnessonai\debug\vc141.idb
c:\effectsofrandomnessonai\effectsofrandomnessonai\debug\source.obj
c:\effectsofrandomnessonai\effectsofrandomnessonai\debug\player.obj
c:\effectsofrandomnessonai\effectsofrandomnessonai\debug\wall.obj
c:\effectsofrandomnessonai\debug\effectsofrandomnessonai.exe
c:\effectsofrandomnessonai\debug\effectsofrandomnessonai.ilk
c:\effectsofrandomnessonai\debug\effectsofrandomnessonai.pdb
c:\effectsofrandomnessonai\effectsofrandomnessonai\debug\effectso.eb5e7bd9.tlog\cl.command.1.tlog
c:\effectsofrandomnessonai\effectsofrandomnessonai\debug\effectso.eb5e7bd9.tlog\cl.read.1.tlog
c:\effectsofrandomnessonai\effectsofrandomnessonai\debug\effectso.eb5e7bd9.tlog\cl.write.1.tlog
c:\effectsofrandomnessonai\effectsofrandomnessonai\debug\effectso.eb5e7bd9.tlog\link-cvtres.read.1.tlog
c:\effectsofrandomnessonai\effectsofrandomnessonai\debug\effectso.eb5e7bd9.tlog\link-cvtres.write.1.tlog
c:\effectsofrandomnessonai\effectsofrandomnessonai\debug\effectso.eb5e7bd9.tlog\link-rc.read.1.tlog
c:\effectsofrandomnessonai\effectsofrandomnessonai\debug\effectso.eb5e7bd9.tlog\link-rc.write.1.tlog
c:\effectsofrandomnessonai\effectsofrandomnessonai\debug\effectso.eb5e7bd9.tlog\link.82104-cvtres.read.1.tlog
c:\effectsofrandomnessonai\effectsofrandomnessonai\debug\effectso.eb5e7bd9.tlog\link.82104-cvtres.write.1.tlog
c:\effectsofrandomnessonai\effectsofrandomnessonai\debug\effectso.eb5e7bd9.tlog\link.82104-rc.read.1.tlog
c:\effectsofrandomnessonai\effectsofrandomnessonai\debug\effectso.eb5e7bd9.tlog\link.82104-rc.write.1.tlog
c:\effectsofrandomnessonai\effectsofrandomnessonai\debug\effectso.eb5e7bd9.tlog\link.82104.read.1.tlog
c:\effectsofrandomnessonai\effectsofrandomnessonai\debug\effectso.eb5e7bd9.tlog\link.82104.write.1.tlog
c:\effectsofrandomnessonai\effectsofrandomnessonai\debug\effectso.eb5e7bd9.tlog\link.command.1.tlog
c:\effectsofrandomnessonai\effectsofrandomnessonai\debug\effectso.eb5e7bd9.tlog\link.read.1.tlog
c:\effectsofrandomnessonai\effectsofrandomnessonai\debug\effectso.eb5e7bd9.tlog\link.write.1.tlog
